6/10/2019 2:24:29 PM: -------------------- Starting Build: 'D:\code2test\build\Datacastle.bld' --------------------
6/10/2019 2:24:29 PM: Building project step 'Project steps'...
6/10/2019 2:24:29 PM: Building project step 'Log Major Build Stage - Start'...
6/10/2019 2:24:29 PM: Building subroutine step 'Log Major Build Stage'...
6/10/2019 2:24:29 PM: Building subroutine step 'Log Message'...


6/10/2019 2:24:29 PM: ---------- MAJOR BUILD STAGE LOG: StartBuild
6/10/2019 2:24:29 PM: Building subroutine step 'Write Minor Timing data to  File'...
Step 'Write Minor Timing data to  File' build rule evaluates false: %TIMER_MINOR_STAGE% is defined
6/10/2019 2:24:29 PM: Step skipped
6/10/2019 2:24:29 PM: Building subroutine step 'Write Major Timing data to  File'...
Step 'Write Major Timing data to  File' build rule evaluates false: %TIMER_MAJOR_STAGE% is defined
6/10/2019 2:24:29 PM: Step skipped
6/10/2019 2:24:29 PM: Building subroutine step 'Set Major Timer'...
Created Temporary macro 'TIMER_MAJOR'
6/10/2019 2:24:29 PM: Building subroutine step 'Set Major Timer Stage'...
Created Temporary macro 'TIMER_MAJOR_STAGE'
6/10/2019 2:24:29 PM: Building subroutine step 'Clear Minor Timer'...
Temporary macro 'TIMER_MINOR' doesn't exist, not deleted
6/10/2019 2:24:29 PM: Building subroutine step 'Clear Minor Timer Stage'...
Temporary macro 'TIMER_MINOR_STAGE' doesn't exist, not deleted
6/10/2019 2:24:29 PM: Building project step 'INITIALISE'...
6/10/2019 2:24:29 PM: Building project step 'Echo Build Type Message'...
Build Type has been set to 
6/10/2019 2:24:29 PM: Building project step 'Set default ClientSxSOverrideLoopCount to 0'...
Created Temporary macro 'ClientSxSOverrideLoopCount'
6/10/2019 2:24:29 PM: Building project step 'Override __COMPAT_LAYER macro'...
Created Temporary macro '__COMPAT_LAYER'
Environment variable updated from macro
6/10/2019 2:24:29 PM: Building project step 'Check for Shelf info'...
Step 'Check for Shelf info' build rule evaluates false: %changeset% is defined
6/10/2019 2:24:29 PM: Step skipped
6/10/2019 2:24:29 PM: Building project step 'Check for FastBuildSwitches - only possible if shelf so never have half done release builds'...
Step 'Check for Shelf info' build rule evaluates false: %changeset% is defined
6/10/2019 2:24:29 PM: Step skipped
6/10/2019 2:24:29 PM: Building project step 'Retrieve FastBuildSwitches from buildtweaks\shelf.INI'...
Step 'Check for Shelf info' build rule evaluates false: %changeset% is defined
6/10/2019 2:24:29 PM: Step skipped
6/10/2019 2:24:29 PM: Building project step 'Set DoNotObfusateVault'...
Step 'Check for Shelf info' build rule evaluates false: %changeset% is defined
6/10/2019 2:24:29 PM: Step skipped
6/10/2019 2:24:29 PM: Building project step 'Set DoNotBuildClients'...
Step 'Check for Shelf info' build rule evaluates false: %changeset% is defined
6/10/2019 2:24:29 PM: Step skipped
6/10/2019 2:24:29 PM: Building project step 'Set DoNotBuildAzurePackage'...
Step 'Check for Shelf info' build rule evaluates false: %changeset% is defined
6/10/2019 2:24:29 PM: Step skipped
6/10/2019 2:24:29 PM: Building project step 'Set DoNotIncludeSQLExpress'...
Step 'Check for Shelf info' build rule evaluates false: %changeset% is defined
6/10/2019 2:24:29 PM: Step skipped
6/10/2019 2:24:29 PM: Building project step 'Set DoNotIncludeQuickCache'...
Step 'Check for Shelf info' build rule evaluates false: %changeset% is defined
6/10/2019 2:24:29 PM: Step skipped
6/10/2019 2:24:29 PM: Building project step 'Set DoNotIncludeVaultMSIZip'...
Step 'Check for Shelf info' build rule evaluates false: %changeset% is defined
6/10/2019 2:24:29 PM: Step skipped
6/10/2019 2:24:29 PM: Building project step 'Set DoNotIncludeNUnitSolution'...
Step 'Check for Shelf info' build rule evaluates false: %changeset% is defined
6/10/2019 2:24:29 PM: Step skipped
6/10/2019 2:24:29 PM: Building project step 'Set DoIncludeDebugBinariesPDBs'...
Step 'Check for Shelf info' build rule evaluates false: %changeset% is defined
6/10/2019 2:24:29 PM: Step skipped
6/10/2019 2:24:29 PM: Building project step 'Set DoNotIncludeTools'...
Step 'Check for Shelf info' build rule evaluates false: %changeset% is defined
6/10/2019 2:24:29 PM: Step skipped
6/10/2019 2:24:29 PM: Building project step 'Set DoNotIncludeResetServer'...
Step 'Check for Shelf info' build rule evaluates false: %changeset% is defined
6/10/2019 2:24:29 PM: Step skipped
6/10/2019 2:24:29 PM: Building project step 'Set DoNotIncludeLDAPSync'...
Step 'Check for Shelf info' build rule evaluates false: %changeset% is defined
6/10/2019 2:24:29 PM: Step skipped
6/10/2019 2:24:29 PM: Building project step 'Set SkipClientObfuscation'...
Step 'Check for Shelf info' build rule evaluates false: %changeset% is defined
6/10/2019 2:24:29 PM: Step skipped
6/10/2019 2:24:29 PM: Building project step 'Set DoNotObfuscateQuickCache'...
Step 'Check for Shelf info' build rule evaluates false: %changeset% is defined
6/10/2019 2:24:29 PM: Step skipped
6/10/2019 2:24:29 PM: Building project step 'Set DoNotObfuscateTools'...
Step 'Check for Shelf info' build rule evaluates false: %changeset% is defined
6/10/2019 2:24:29 PM: Step skipped
6/10/2019 2:24:29 PM: Building project step 'Set DoNotObfuscateResetServer'...
Step 'Check for Shelf info' build rule evaluates false: %changeset% is defined
6/10/2019 2:24:29 PM: Step skipped
6/10/2019 2:24:29 PM: Building project step 'Set DoNotIncludeSigning'...
Step 'Check for Shelf info' build rule evaluates false: %changeset% is defined
6/10/2019 2:24:29 PM: Step skipped
6/10/2019 2:24:29 PM: Building project step 'Set DoNotIncludeMacClient'...
Step 'Check for Shelf info' build rule evaluates false: %changeset% is defined
6/10/2019 2:24:29 PM: Step skipped
6/10/2019 2:24:29 PM: Building project step 'Echo FastBuildSwitches'...
Step 'Check for Shelf info' build rule evaluates false: %changeset% is defined
6/10/2019 2:24:29 PM: Step skipped
6/10/2019 2:24:29 PM: Building project step 'Always set DoIncludeDebugBinariesPDBs if nightly build'...
Step 'Always set DoIncludeDebugBinariesPDBs if nightly build' build rule evaluates false: %BUILD_TYPE% (expanded value = ) is equal to NIGHTLY
6/10/2019 2:24:29 PM: Step skipped
6/10/2019 2:24:29 PM: Building project step 'Echo Run unit Tests Message'...


"Unit Tests" is set to occur later in this build


6/10/2019 2:24:29 PM: Building project step 'Set BuildSqlProj to false'...
Created Temporary macro 'BuildSqlProj'
6/10/2019 2:24:29 PM: Building project step 'Calculate Release Version'...
6/10/2019 2:24:29 PM: Building project step 'Normal Non-Vault Branding build'...
6/10/2019 2:24:29 PM: Building project step 'Read major/minor release version from ini file'...
Created Temporary macro 'RELEASE_VERSION_BASE'
6/10/2019 2:24:29 PM: Building project step 'Set Macro RELEASE_VERSION_README'...
6/10/2019 2:24:29 PM: Building project step 'Set Build Version from Jenkins BUILD_NUMBER'...
Created Temporary macro 'BUILD_VERSION'
6/10/2019 2:24:33 PM: Building project step 'Read release version third segment (patch?) from ini file'...
Created Temporary macro 'RELEASE_VERSION_THIRDSEGMENT'
6/10/2019 2:24:33 PM: Building project step 'Set Macro RELEASE_VERSION'...
Error expanding macros or script in property MacroValue:  9.1.<Error at Line 1, Column 3  (Syntax error)
Code:   mod 1000>
6/10/2019 2:24:33 PM: Building failure step 'Exit'...
6/10/2019 2:24:33 PM: Building failure step 'Write summary log to BuildOutput'...
Creating file Failure.txt
6/10/2019 2:24:33 PM: Building failure step 'Exit'...
6/10/2019 2:24:33 PM: Step 'Exit' failed
6/10/2019 2:24:33 PM: Build ended (elapsed = 00:00:04).
